2023-08-10 00:40:51 src.utils.experiment_utils INFO     setting up experiment interpolation
2023-08-10 00:40:51 src.utils.experiment_utils INFO     setting all seeds to 123456
2023-08-10 00:40:51 src.utils.experiment_utils INFO     rerunning experiment interpolation
2023-08-10 00:40:51 src.utils.experiment_utils INFO     saving args to /home/local_arnab/Codes/relations/results/interpolation/args-20230810-004051.json
2023-08-10 00:40:51 __main__ INFO     Namespace(model='gptj', device=None, fp16=None, log_level=10, experiment_name=None, results_dir=None, resume=False, clear_results_dir=False, args_file_name=None, seed=123456, save_dir='results/faithfulness_baselines_updated', n_steps=100, n_trials=10, n_icl=10, rel_names=['food from country'])
2023-08-10 00:40:51 __main__ INFO     #################### food from country ####################
2023-08-10 00:40:51 src.models INFO     loading EleutherAI/gpt-j-6B (device=cuda, fp16=True)
2023-08-10 00:40:51 urllib3.connectionpool DEBUG    Starting new HTTPS connection (1): huggingface.co:443
2023-08-10 00:40:51 urllib3.connectionpool DEBUG    https://huggingface.co:443 "HEAD /EleutherAI/gpt-j-6B/resolve/float16/config.json HTTP/1.1" 307 0
2023-08-10 00:40:51 urllib3.connectionpool DEBUG    https://huggingface.co:443 "HEAD /EleutherAI/gpt-j-6b/resolve/float16/config.json HTTP/1.1" 200 0
2023-08-10 00:40:58 urllib3.connectionpool DEBUG    https://huggingface.co:443 "HEAD /EleutherAI/gpt-j-6B/resolve/float16/generation_config.json HTTP/1.1" 307 0
2023-08-10 00:40:58 urllib3.connectionpool DEBUG    https://huggingface.co:443 "HEAD /EleutherAI/gpt-j-6b/resolve/float16/generation_config.json HTTP/1.1" 404 0
2023-08-10 00:41:00 urllib3.connectionpool DEBUG    https://huggingface.co:443 "HEAD /EleutherAI/gpt-j-6B/resolve/main/tokenizer_config.json HTTP/1.1" 307 0
2023-08-10 00:41:00 urllib3.connectionpool DEBUG    https://huggingface.co:443 "HEAD /EleutherAI/gpt-j-6b/resolve/main/tokenizer_config.json HTTP/1.1" 200 0
2023-08-10 00:41:00 src.models INFO     dtype: torch.float16, device: cuda:0, memory: 12219206136
2023-08-10 00:41:00 src.data DEBUG    no paths provided, using default data dir: /home/local_arnab/Codes/relations/data
2023-08-10 00:41:00 src.data DEBUG    /home/local_arnab/Codes/relations/data is directory, globbing for json files...
2023-08-10 00:41:00 src.data DEBUG    found relation file: /home/local_arnab/Codes/relations/data/bias/characteristic_gender.json
2023-08-10 00:41:00 src.data DEBUG    found relation file: /home/local_arnab/Codes/relations/data/bias/degree_gender.json
2023-08-10 00:41:00 src.data DEBUG    found relation file: /home/local_arnab/Codes/relations/data/bias/name_birthplace.json
2023-08-10 00:41:00 src.data DEBUG    found relation file: /home/local_arnab/Codes/relations/data/bias/name_gender.json
2023-08-10 00:41:00 src.data DEBUG    found relation file: /home/local_arnab/Codes/relations/data/bias/name_religion.json
2023-08-10 00:41:00 src.data DEBUG    found relation file: /home/local_arnab/Codes/relations/data/bias/occupation_age.json
2023-08-10 00:41:00 src.data DEBUG    found relation file: /home/local_arnab/Codes/relations/data/bias/occupation_gender.json
2023-08-10 00:41:00 src.data DEBUG    found relation file: /home/local_arnab/Codes/relations/data/bias/person_native_language.json
2023-08-10 00:41:00 src.data DEBUG    found relation file: /home/local_arnab/Codes/relations/data/commonsense/fruit_inside_color.json
2023-08-10 00:41:00 src.data DEBUG    found relation file: /home/local_arnab/Codes/relations/data/commonsense/fruit_outside_color.json
2023-08-10 00:41:00 src.data DEBUG    found relation file: /home/local_arnab/Codes/relations/data/commonsense/object_superclass.json
2023-08-10 00:41:00 src.data DEBUG    found relation file: /home/local_arnab/Codes/relations/data/commonsense/substance_phase.json
2023-08-10 00:41:00 src.data DEBUG    found relation file: /home/local_arnab/Codes/relations/data/commonsense/task_done_by_person.json
2023-08-10 00:41:00 src.data DEBUG    found relation file: /home/local_arnab/Codes/relations/data/commonsense/task_done_by_tool.json
2023-08-10 00:41:00 src.data DEBUG    found relation file: /home/local_arnab/Codes/relations/data/commonsense/word_sentiment.json
2023-08-10 00:41:00 src.data DEBUG    found relation file: /home/local_arnab/Codes/relations/data/commonsense/work_location.json
2023-08-10 00:41:00 src.data DEBUG    found relation file: /home/local_arnab/Codes/relations/data/factual/city_in_country.json
2023-08-10 00:41:00 src.data DEBUG    found relation file: /home/local_arnab/Codes/relations/data/factual/company_ceo.json
2023-08-10 00:41:00 src.data DEBUG    found relation file: /home/local_arnab/Codes/relations/data/factual/company_hq.json
2023-08-10 00:41:00 src.data DEBUG    found relation file: /home/local_arnab/Codes/relations/data/factual/country_capital_city.json
2023-08-10 00:41:00 src.data DEBUG    found relation file: /home/local_arnab/Codes/relations/data/factual/country_currency.json
2023-08-10 00:41:00 src.data DEBUG    found relation file: /home/local_arnab/Codes/relations/data/factual/country_language.json
2023-08-10 00:41:00 src.data DEBUG    found relation file: /home/local_arnab/Codes/relations/data/factual/country_largest_city.json
2023-08-10 00:41:00 src.data DEBUG    found relation file: /home/local_arnab/Codes/relations/data/factual/food_from_country.json
2023-08-10 00:41:00 src.data DEBUG    found relation file: /home/local_arnab/Codes/relations/data/factual/landmark_in_country.json
2023-08-10 00:41:00 src.data DEBUG    found relation file: /home/local_arnab/Codes/relations/data/factual/landmark_on_continent.json
2023-08-10 00:41:00 src.data DEBUG    found relation file: /home/local_arnab/Codes/relations/data/factual/person_band_lead_singer.json
2023-08-10 00:41:00 src.data DEBUG    found relation file: /home/local_arnab/Codes/relations/data/factual/person_father.json
2023-08-10 00:41:00 src.data DEBUG    found relation file: /home/local_arnab/Codes/relations/data/factual/person_mother.json
2023-08-10 00:41:00 src.data DEBUG    found relation file: /home/local_arnab/Codes/relations/data/factual/person_occupation.json
2023-08-10 00:41:00 src.data DEBUG    found relation file: /home/local_arnab/Codes/relations/data/factual/person_plays_instrument.json
2023-08-10 00:41:00 src.data DEBUG    found relation file: /home/local_arnab/Codes/relations/data/factual/person_plays_position_in_sport.json
2023-08-10 00:41:00 src.data DEBUG    found relation file: /home/local_arnab/Codes/relations/data/factual/person_plays_pro_sport.json
2023-08-10 00:41:00 src.data DEBUG    found relation file: /home/local_arnab/Codes/relations/data/factual/person_university.json
2023-08-10 00:41:00 src.data DEBUG    found relation file: /home/local_arnab/Codes/relations/data/factual/pokemon_evolutions.json
2023-08-10 00:41:00 src.data DEBUG    found relation file: /home/local_arnab/Codes/relations/data/factual/presidents_birth_year.json
2023-08-10 00:41:00 src.data DEBUG    found relation file: /home/local_arnab/Codes/relations/data/factual/presidents_election_year.json
2023-08-10 00:41:00 src.data DEBUG    found relation file: /home/local_arnab/Codes/relations/data/factual/product_by_company.json
2023-08-10 00:41:00 src.data DEBUG    found relation file: /home/local_arnab/Codes/relations/data/factual/star_constellation.json
2023-08-10 00:41:00 src.data DEBUG    found relation file: /home/local_arnab/Codes/relations/data/factual/superhero_archnemesis.json
2023-08-10 00:41:00 src.data DEBUG    found relation file: /home/local_arnab/Codes/relations/data/factual/superhero_person.json
2023-08-10 00:41:00 src.data DEBUG    found relation file: /home/local_arnab/Codes/relations/data/linguistic/adj_antonym.json
2023-08-10 00:41:00 src.data DEBUG    found relation file: /home/local_arnab/Codes/relations/data/linguistic/adj_comparative.json
2023-08-10 00:41:00 src.data DEBUG    found relation file: /home/local_arnab/Codes/relations/data/linguistic/adj_superlative.json
2023-08-10 00:41:00 src.data DEBUG    found relation file: /home/local_arnab/Codes/relations/data/linguistic/verb_past_tense.json
2023-08-10 00:41:00 src.data DEBUG    found relation file: /home/local_arnab/Codes/relations/data/linguistic/word_first_letter.json
2023-08-10 00:41:00 src.data DEBUG    found relation file: /home/local_arnab/Codes/relations/data/linguistic/word_last_letter.json
2023-08-10 00:41:00 src.data DEBUG    found 47 relation files total, loading...
2023-08-10 00:41:01 src.data DEBUG    filtering to only relations: ['food from country']
2023-08-10 00:41:01 src.utils.sweep_utils DEBUG    --> results/sweep-24-trials/gptj
2023-08-10 00:41:01 src.utils.sweep_utils DEBUG        --> /person_occupation
2023-08-10 00:41:01 src.utils.sweep_utils DEBUG    ** skipping folder /person_occupation **
2023-08-10 00:41:01 src.utils.sweep_utils DEBUG        --> /landmark_in_country
2023-08-10 00:41:01 src.utils.sweep_utils DEBUG    ** skipping folder /landmark_in_country **
2023-08-10 00:41:01 src.utils.sweep_utils DEBUG        --> /adjective_antonym
2023-08-10 00:41:01 src.utils.sweep_utils DEBUG    ** skipping folder /adjective_antonym **
2023-08-10 00:41:01 src.utils.sweep_utils DEBUG        --> /person_mother
2023-08-10 00:41:01 src.utils.sweep_utils DEBUG    ** skipping folder /person_mother **
2023-08-10 00:41:01 src.utils.sweep_utils DEBUG        --> /country_capital_city
2023-08-10 00:41:01 src.utils.sweep_utils DEBUG    ** skipping folder /country_capital_city **
2023-08-10 00:41:01 src.utils.sweep_utils DEBUG        --> /plays_pro_sport
2023-08-10 00:41:01 src.utils.sweep_utils DEBUG    ** skipping folder /plays_pro_sport **
2023-08-10 00:41:01 src.utils.sweep_utils DEBUG        --> /person_plays_instrument
2023-08-10 00:41:01 src.utils.sweep_utils DEBUG    ** skipping folder /person_plays_instrument **
2023-08-10 00:41:01 src.utils.sweep_utils DEBUG        --> /person_university
2023-08-10 00:41:01 src.utils.sweep_utils DEBUG    ** skipping folder /person_university **
2023-08-10 00:41:01 src.utils.sweep_utils DEBUG        --> /city_in_country
2023-08-10 00:41:01 src.utils.sweep_utils DEBUG    ** skipping folder /city_in_country **
2023-08-10 00:41:01 src.utils.sweep_utils DEBUG        --> /food_from_country
2023-08-10 00:41:01 src.utils.sweep_utils DEBUG            --> /1_food_from_country_seed_71745
2023-08-10 00:41:01 src.utils.sweep_utils DEBUG                --> /food_from_country.json
2023-08-10 00:41:01 src.utils.sweep_utils DEBUG                --> /results_all.json
2023-08-10 00:41:01 src.utils.sweep_utils DEBUG                --> /args-20230721-135714.json
2023-08-10 00:41:01 src.utils.sweep_utils DEBUG            --> /2_food_from_country_seed_88810
2023-08-10 00:41:01 src.utils.sweep_utils DEBUG                --> /args-20230721-135708.json
2023-08-10 00:41:01 src.utils.sweep_utils DEBUG                --> /food_from_country.json
2023-08-10 00:41:01 src.utils.sweep_utils DEBUG                --> /results_all.json
2023-08-10 00:41:01 src.utils.sweep_utils DEBUG            --> /3_food_from_country_seed_709106
2023-08-10 00:41:01 src.utils.sweep_utils DEBUG                --> /food_from_country.json
2023-08-10 00:41:01 src.utils.sweep_utils DEBUG                --> /results_all.json
2023-08-10 00:41:01 src.utils.sweep_utils DEBUG                --> /args-20230721-135707.json
2023-08-10 00:41:01 src.utils.sweep_utils DEBUG        --> /company_hq
2023-08-10 00:41:01 src.utils.sweep_utils DEBUG    ** skipping folder /company_hq **
2023-08-10 00:41:01 src.utils.sweep_utils DEBUG        --> /occupation_gender
2023-08-10 00:41:01 src.utils.sweep_utils DEBUG    ** skipping folder /occupation_gender **
2023-08-10 00:41:01 src.utils.sweep_utils DEBUG        --> /occupation_age
2023-08-10 00:41:01 src.utils.sweep_utils DEBUG    ** skipping folder /occupation_age **
2023-08-10 00:41:01 src.utils.sweep_utils DEBUG        --> /name_gender
2023-08-10 00:41:01 src.utils.sweep_utils DEBUG    ** skipping folder /name_gender **
2023-08-10 00:41:01 src.utils.sweep_utils DEBUG        --> /word_first_letter
2023-08-10 00:41:01 src.utils.sweep_utils DEBUG    ** skipping folder /word_first_letter **
2023-08-10 00:41:01 src.utils.sweep_utils DEBUG        --> /country_language
2023-08-10 00:41:01 src.utils.sweep_utils DEBUG    ** skipping folder /country_language **
2023-08-10 00:41:01 src.utils.sweep_utils DEBUG        --> /object_superclass
2023-08-10 00:41:01 src.utils.sweep_utils DEBUG    ** skipping folder /object_superclass **
2023-08-10 00:41:01 src.utils.sweep_utils DEBUG        --> /name_religion
2023-08-10 00:41:01 src.utils.sweep_utils DEBUG    ** skipping folder /name_religion **
2023-08-10 00:41:01 src.utils.sweep_utils DEBUG        --> /person_native_language
2023-08-10 00:41:01 src.utils.sweep_utils DEBUG    ** skipping folder /person_native_language **
2023-08-10 00:41:01 src.utils.sweep_utils DEBUG        --> /president_election_year
2023-08-10 00:41:01 src.utils.sweep_utils DEBUG    ** skipping folder /president_election_year **
2023-08-10 00:41:01 src.utils.sweep_utils DEBUG        --> /fruit_outside_color
2023-08-10 00:41:01 src.utils.sweep_utils DEBUG    ** skipping folder /fruit_outside_color **
2023-08-10 00:41:01 src.utils.sweep_utils DEBUG        --> /superhero_archnemesis
2023-08-10 00:41:01 src.utils.sweep_utils DEBUG    ** skipping folder /superhero_archnemesis **
2023-08-10 00:41:01 src.utils.sweep_utils DEBUG        --> /work_location
2023-08-10 00:41:01 src.utils.sweep_utils DEBUG    ** skipping folder /work_location **
2023-08-10 00:41:01 src.utils.sweep_utils DEBUG        --> /landmark_on_continent
2023-08-10 00:41:01 src.utils.sweep_utils DEBUG    ** skipping folder /landmark_on_continent **
2023-08-10 00:41:01 src.utils.sweep_utils DEBUG        --> /person_lead_singer_of_band
2023-08-10 00:41:01 src.utils.sweep_utils DEBUG    ** skipping folder /person_lead_singer_of_band **
2023-08-10 00:41:01 src.utils.sweep_utils DEBUG        --> /task_person_type
2023-08-10 00:41:01 src.utils.sweep_utils DEBUG    ** skipping folder /task_person_type **
2023-08-10 00:41:01 src.utils.sweep_utils DEBUG        --> /characteristic_gender
2023-08-10 00:41:01 src.utils.sweep_utils DEBUG    ** skipping folder /characteristic_gender **
2023-08-10 00:41:01 src.utils.sweep_utils DEBUG        --> /country_largest_city
2023-08-10 00:41:01 src.utils.sweep_utils DEBUG    ** skipping folder /country_largest_city **
2023-08-10 00:41:01 src.utils.sweep_utils DEBUG        --> /country_currency
2023-08-10 00:41:01 src.utils.sweep_utils DEBUG    ** skipping folder /country_currency **
2023-08-10 00:41:01 src.utils.sweep_utils DEBUG        --> /fruit_inside_color
2023-08-10 00:41:01 src.utils.sweep_utils DEBUG    ** skipping folder /fruit_inside_color **
2023-08-10 00:41:01 src.utils.sweep_utils DEBUG        --> /task_done_by_tool
2023-08-10 00:41:01 src.utils.sweep_utils DEBUG    ** skipping folder /task_done_by_tool **
2023-08-10 00:41:01 src.utils.sweep_utils DEBUG        --> /verb_past_tense
2023-08-10 00:41:01 src.utils.sweep_utils DEBUG    ** skipping folder /verb_past_tense **
2023-08-10 00:41:01 src.utils.sweep_utils DEBUG        --> /star_constellation_name
2023-08-10 00:41:01 src.utils.sweep_utils DEBUG    ** skipping folder /star_constellation_name **
2023-08-10 00:41:01 src.utils.sweep_utils DEBUG        --> /pokemon_evolution
2023-08-10 00:41:01 src.utils.sweep_utils DEBUG    ** skipping folder /pokemon_evolution **
2023-08-10 00:41:01 src.utils.sweep_utils DEBUG        --> /president_birth_year
2023-08-10 00:41:01 src.utils.sweep_utils DEBUG    ** skipping folder /president_birth_year **
2023-08-10 00:41:01 src.utils.sweep_utils DEBUG        --> /product_by_company
2023-08-10 00:41:01 src.utils.sweep_utils DEBUG    ** skipping folder /product_by_company **
2023-08-10 00:41:01 src.utils.sweep_utils DEBUG        --> /name_birthplace
2023-08-10 00:41:01 src.utils.sweep_utils DEBUG    ** skipping folder /name_birthplace **
2023-08-10 00:41:01 src.utils.sweep_utils DEBUG        --> /word_last_letter
2023-08-10 00:41:01 src.utils.sweep_utils DEBUG    ** skipping folder /word_last_letter **
2023-08-10 00:41:01 src.utils.sweep_utils DEBUG        --> /word_sentiment
2023-08-10 00:41:01 src.utils.sweep_utils DEBUG    ** skipping folder /word_sentiment **
2023-08-10 00:41:01 src.utils.sweep_utils DEBUG        --> /company_CEO
2023-08-10 00:41:01 src.utils.sweep_utils DEBUG    ** skipping folder /company_CEO **
2023-08-10 00:41:01 src.utils.sweep_utils DEBUG        --> /superhero_person
2023-08-10 00:41:01 src.utils.sweep_utils DEBUG    ** skipping folder /superhero_person **
2023-08-10 00:41:01 src.utils.sweep_utils DEBUG        --> /person_father
2023-08-10 00:41:01 src.utils.sweep_utils DEBUG    ** skipping folder /person_father **
2023-08-10 00:41:01 src.utils.sweep_utils DEBUG        --> /substance_phase_of_matter
2023-08-10 00:41:01 src.utils.sweep_utils DEBUG    ** skipping folder /substance_phase_of_matter **
2023-08-10 00:41:01 src.utils.sweep_utils DEBUG        --> /person_sport_position
2023-08-10 00:41:01 src.utils.sweep_utils DEBUG    ** skipping folder /person_sport_position **
2023-08-10 00:41:01 src.utils.sweep_utils DEBUG        --> /adjective_superlative
2023-08-10 00:41:01 src.utils.sweep_utils DEBUG    ** skipping folder /adjective_superlative **
2023-08-10 00:41:01 src.utils.sweep_utils DEBUG        --> /adjective_comparative
2023-08-10 00:41:01 src.utils.sweep_utils DEBUG    ** skipping folder /adjective_comparative **
2023-08-10 00:41:01 src.utils.sweep_utils DEBUG        --> /univ_degree_gender
2023-08-10 00:41:01 src.utils.sweep_utils DEBUG    ** skipping folder /univ_degree_gender **
2023-08-10 00:41:02 __main__ INFO     <|endoftext|>Poutine originates from Canada
Dim Sum originates from China
Fish and Chips originates from United Kingdom
Gyro originates from Greece
Hummus originates from Lebanon
Wiener Schnitzel originates from Austria
Kimchi originates from South Korea
Ceviche originates from Peru
Chimichurri originates from Argentina
Goulash originates from Hungary
{} originates from
2023-08-10 00:41:02 src.functional DEBUG    filtering for knowns using prompt "<|endoftext|>Poutine originates from Canada
Dim Sum originates from China
Fish and Chips originates from United Kingdom
Gyro originates from Greece
Hummus originates from Lebanon
Wiener Schnitzel originates from Austria
Kimchi originates from South Korea
Ceviche originates from Peru
Chimichurri originates from Argentina
Goulash originates from Hungary
{} originates from"
2023-08-10 00:41:02 src.functional DEBUG    sample.subject='Rendang', sample.object='Indonesia', predicted= Indonesia (p=0.692), known=(✓)
2023-08-10 00:41:02 src.functional DEBUG    sample.subject='Biryani', sample.object='India', predicted= India (p=0.786), known=(✓)
2023-08-10 00:41:02 src.functional DEBUG    sample.subject='Falafel', sample.object='Middle East', predicted= Israel (p=0.416), known=(✗)
2023-08-10 00:41:02 src.functional DEBUG    sample.subject='Pierogi', sample.object='Poland', predicted= Poland (p=0.936), known=(✓)
2023-08-10 00:41:02 src.functional DEBUG    sample.subject='Pho', sample.object='Vietnam', predicted= Vietnam (p=0.949), known=(✓)
2023-08-10 00:41:02 src.functional DEBUG    sample.subject='Baklava', sample.object='Turkey', predicted= Greece (p=0.445), known=(✗)
2023-08-10 00:41:02 src.functional DEBUG    sample.subject='Baguette', sample.object='France', predicted= France (p=0.922), known=(✓)
2023-08-10 00:41:02 src.functional DEBUG    sample.subject='Feijoada', sample.object='Brazil', predicted= Brazil (p=0.805), known=(✓)
2023-08-10 00:41:02 src.functional DEBUG    sample.subject='Miso Soup', sample.object='Japan', predicted= Japan (p=0.961), known=(✓)
2023-08-10 00:41:02 src.functional DEBUG    sample.subject='Tacos', sample.object='Mexico', predicted= Mexico (p=0.881), known=(✓)
2023-08-10 00:41:02 src.functional DEBUG    sample.subject='Pavlova', sample.object='New Zealand', predicted= Australia (p=0.969), known=(✗)
2023-08-10 00:41:02 src.functional DEBUG    sample.subject='Pad Thai', sample.object='Thailand', predicted= Thailand (p=0.933), known=(✓)
2023-08-10 00:41:02 src.functional DEBUG    sample.subject='Paella', sample.object='Spain', predicted= Spain (p=0.963), known=(✓)
2023-08-10 00:41:02 src.functional DEBUG    sample.subject='Pizza', sample.object='Italy', predicted= Italy (p=0.927), known=(✓)
2023-08-10 00:41:02 src.functional DEBUG    sample.subject='Borscht', sample.object='Ukraine', predicted= Russia (p=0.429), known=(✗)
2023-08-10 00:41:02 src.functional DEBUG    sample.subject='Fondue', sample.object='Switzerland', predicted= Switzerland (p=0.961), known=(✓)
2023-08-10 00:41:02 src.functional DEBUG    sample.subject='Moussaka', sample.object='Greece', predicted= Greece (p=0.780), known=(✓)
2023-08-10 00:41:02 src.functional DEBUG    sample.subject='Masala Dosa', sample.object='India', predicted= India (p=0.866), known=(✓)
2023-08-10 00:41:02 src.functional DEBUG    sample.subject='Shawarma', sample.object='Middle East', predicted= Egypt (p=0.350), known=(✗)
2023-08-10 00:41:02 src.functional DEBUG    sample.subject='Sushi', sample.object='Japan', predicted= Japan (p=0.986), known=(✓)
2023-08-10 00:41:02 __main__ INFO     filtered 15 test samples
2023-08-10 00:41:03 __main__ INFO     Trial: 1/10
2023-08-10 00:41:03 __main__ INFO     Sushi -> Japan <to> Masala Dosa -> India
2023-08-10 00:41:03 __main__ INFO     distance: 54.46875
2023-08-10 00:41:09 __main__ INFO     1 => w_norm=53.59 | b_norm=261.25 | jh_norm=34.81 | top_predictions=[(' Japan', 0.986), (' Asia', 0.003), (' United', 0.001)]
2023-08-10 00:41:16 __main__ INFO     2 => w_norm=53.59 | b_norm=261.25 | jh_norm=34.91 | top_predictions=[(' Japan', 0.986), (' Asia', 0.003), (' United', 0.001)]
2023-08-10 00:41:22 __main__ INFO     3 => w_norm=53.69 | b_norm=261.00 | jh_norm=35.03 | top_predictions=[(' Japan', 0.986), (' Asia', 0.003), (' United', 0.001)]
2023-08-10 00:41:29 __main__ INFO     4 => w_norm=53.75 | b_norm=260.75 | jh_norm=35.16 | top_predictions=[(' Japan', 0.986), (' Asia', 0.002), (' United', 0.001)]
2023-08-10 00:41:36 __main__ INFO     5 => w_norm=53.78 | b_norm=260.75 | jh_norm=35.28 | top_predictions=[(' Japan', 0.986), (' Asia', 0.002), (' the', 0.001)]
2023-08-10 00:41:42 __main__ INFO     6 => w_norm=53.88 | b_norm=260.75 | jh_norm=35.41 | top_predictions=[(' Japan', 0.987), (' Asia', 0.002), (' the', 0.001)]
2023-08-10 00:41:49 __main__ INFO     7 => w_norm=53.94 | b_norm=260.50 | jh_norm=35.59 | top_predictions=[(' Japan', 0.986), (' Asia', 0.002), (' the', 0.001)]
2023-08-10 00:41:55 __main__ INFO     8 => w_norm=54.03 | b_norm=260.50 | jh_norm=35.72 | top_predictions=[(' Japan', 0.987), (' Asia', 0.002), (' the', 0.001)]
2023-08-10 00:42:02 __main__ INFO     9 => w_norm=54.12 | b_norm=260.25 | jh_norm=35.94 | top_predictions=[(' Japan', 0.987), (' Asia', 0.002), (' the', 0.001)]
2023-08-10 00:42:08 __main__ INFO     10 => w_norm=54.25 | b_norm=260.25 | jh_norm=36.09 | top_predictions=[(' Japan', 0.987), (' Asia', 0.002), (' the', 0.001)]
2023-08-10 00:42:15 __main__ INFO     11 => w_norm=54.38 | b_norm=260.00 | jh_norm=36.31 | top_predictions=[(' Japan', 0.987), (' Asia', 0.002), (' the', 0.001)]
2023-08-10 00:42:22 __main__ INFO     12 => w_norm=54.50 | b_norm=259.75 | jh_norm=36.53 | top_predictions=[(' Japan', 0.987), (' Asia', 0.002), (' the', 0.001)]
